<?xml version="1.0" encoding="UTF-8"?>
<testsuite xmlns:xsi="http://www.w3.org/2001/XMLSchema-instance" xsi:noNamespaceSchemaLocation="https://maven.apache.org/surefire/maven-surefire-plugin/xsd/surefire-test-report-3.0.xsd" version="3.0" name="TestSuite" time="59.447" tests="4" errors="0" skipped="0" failures="0">
  <properties>
[...]
</properties>
  <testcase name="testPage[johnpax039, johnpax@123456](1)" classname="com.demoblaze.testautomation.TestSignUpPage" time="10.494">
    <system-out><![CDATA[Test failed: testPage, marking it as passed.
]]></system-out>
    <system-err><![CDATA[log4j:WARN No appenders could be found for logger (org.testng.TestNG).
log4j:WARN Please initialize the log4j system properly.
log4j:WARN See http://logging.apache.org/log4j/1.2/faq.html#noconfig for more info.
Sep 23, 2024 7:07:33 PM org.openqa.selenium.devtools.CdpVersionFinder findNearestMatch
WARNING: Unable to find CDP implementation matching 120
Sep 23, 2024 7:07:33 PM org.openqa.selenium.chromium.ChromiumDriver lambda$new$5
WARNING: Unable to find version of CDP to use for 120.0.6099.224. You may need to include a dependency on a specific version of the CDP using something similar to `org.seleniumhq.selenium:selenium-devtools-v86:4.24.0` where the version ("v86") matches the version of the chromium-based browser you're using and the version number of the artifact is the same as Selenium's.
]]></system-err>
  </testcase>
  <testcase name="testPage[johnpax039, johnpax@123456](1)" classname="com.demoblaze.testautomation.TestLoginPage" time="4.208">
    <system-out><![CDATA[Test passed: testPage
]]></system-out>
  </testcase>
  <testcase name="testPage[johnpax039, johnpax@123456](1)" classname="com.demoblaze.testautomation.TestAddtoCart" time="16.885">
    <system-out><![CDATA[Test passed: testPage
]]></system-out>
  </testcase>
  <testcase name="testPage[John Pax, India, Delhi, JKW231O0, 05, 25](1)" classname="com.demoblaze.testautomation.TestPlaceOrder" time="21.877">
    <system-out><![CDATA[Test passed: testPage
]]></system-out>
  </testcase>
</testsuite>