<?xml version="1.0" encoding="UTF-8"?>
<!-- Generated by org.testng.reporters.JUnitXMLReporter -->
<testsuite ignored="4" hostname="lappy" failures="0" tests="3" name="ChromeTest" time="42.89" errors="0" timestamp="2024-09-22T17:37:14 IST">
  <testcase classname="com.demoblaze.testautomation.TestLoginPage" name="testPage" time="4.243"/>
  <testcase classname="com.demoblaze.testautomation.TestAddtoCart" name="testPage" time="16.68"/>
  <testcase classname="com.demoblaze.testautomation.TestPlaceOrder" name="testPage" time="21.939"/>
  <testcase classname="com.demoblaze.testautomation.Setup" name="@BeforeSuite setupDriver" time="0.0">
    <ignored/>
  </testcase> <!-- @BeforeSuite setupDriver -->
  <testcase classname="com.demoblaze.testautomation.Setup" name="@BeforeSuite setupDriver" time="0.0">
    <ignored/>
  </testcase> <!-- @BeforeSuite setupDriver -->
  <testcase classname="com.demoblaze.testautomation.Setup" name="@AfterSuite closeDriver" time="0.0">
    <ignored/>
  </testcase> <!-- @AfterSuite closeDriver -->
  <testcase classname="com.demoblaze.testautomation.Setup" name="@AfterSuite closeDriver" time="0.0">
    <ignored/>
  </testcase> <!-- @AfterSuite closeDriver -->
</testsuite> <!-- ChromeTest -->
