<?xml version="1.0" encoding="UTF-8"?>
<testng-results ignored="0" total="1" passed="1" failed="0" skipped="0">
  <reporter-output>
  </reporter-output>
  <suite started-at="2024-09-23T17:12:51 IST" name="softwaretesting" finished-at="2024-09-23T17:13:02 IST" duration-ms="10752">
    <groups>
    </groups>
    <test started-at="2024-09-23T17:12:51 IST" name="ChromeTest" finished-at="2024-09-23T17:13:02 IST" duration-ms="10752">
      <class name="com.demoblaze.testautomation.TestSignUpPage">
        <test-method is-config="true" signature="setupDriver(java.lang.String,java.lang.String)[pri:0, instance:com.demoblaze.testautomation.TestSignUpPage@76b1e9b8]" started-at="2024-09-23T17:12:49 IST" name="setupDriver" finished-at="2024-09-23T17:12:51 IST" duration-ms="2310" status="PASS">
          <params>
            <param index="0">
              <value>
                <![CDATA[chrome]]>
              </value>
            </param>
            <param index="1">
              <value>
                <![CDATA[https://www.demoblaze.com/]]>
              </value>
            </param>
          </params>
          <reporter-output>
          </reporter-output>
        </test-method> <!-- setupDriver -->
        <test-method signature="testPage(java.lang.String,java.lang.String)[pri:0, instance:com.demoblaze.testautomation.TestSignUpPage@76b1e9b8]" started-at="2024-09-23T17:12:51 IST" name="testPage" finished-at="2024-09-23T17:13:02 IST" duration-ms="10713" status="PASS">
          <params>
            <param index="0">
              <value>
                <![CDATA[johnpax036]]>
              </value>
            </param>
            <param index="1">
              <value>
                <![CDATA[johnpax@123456]]>
              </value>
            </param>
          </params>
          <exception class="org.testng.TestException">
            <message>
              <![CDATA[
Method TestSignUpPage.testPage(java.lang.String,java.lang.String)[pri:0, instance:com.demoblaze.testautomation.TestSignUpPage@76b1e9b8] should have thrown an exception of type class org.openqa.selenium.NoAlertPresentException]]>
            </message>
            <full-stacktrace>
              <![CDATA[org.testng.TestException: 
Method TestSignUpPage.testPage(java.lang.String,java.lang.String)[pri:0, instance:com.demoblaze.testautomation.TestSignUpPage@76b1e9b8] should have thrown an exception of type class org.openqa.selenium.NoAlertPresentException
at org.testng.internal.invokers.ExpectedExceptionsHolder.noException(ExpectedExceptionsHolder.java:81)
at org.testng.internal.invokers.TestInvoker.considerExceptions(TestInvoker.java:863)
at org.testng.internal.invokers.TestInvoker.invokeMethod(TestInvoker.java:718)
at org.testng.internal.invokers.TestInvoker.invokeTestMethod(TestInvoker.java:228)
at org.testng.internal.invokers.MethodRunner.runInSequence(MethodRunner.java:63)
at org.testng.internal.invokers.TestInvoker$MethodInvocationAgent.invoke(TestInvoker.java:961)
at org.testng.internal.invokers.TestInvoker.invokeTestMethods(TestInvoker.java:201)
at org.testng.internal.invokers.TestMethodWorker.invokeTestMethods(TestMethodWorker.java:148)
at org.testng.internal.invokers.TestMethodWorker.run(TestMethodWorker.java:128)
at java.base/java.util.ArrayList.forEach(ArrayList.java:1511)
at org.testng.TestRunner.privateRun(TestRunner.java:819)
at org.testng.TestRunner.run(TestRunner.java:619)
at org.testng.SuiteRunner.runTest(SuiteRunner.java:443)
at org.testng.SuiteRunner.runSequentially(SuiteRunner.java:437)
at org.testng.SuiteRunner.privateRun(SuiteRunner.java:397)
at org.testng.SuiteRunner.run(SuiteRunner.java:336)
at org.testng.SuiteRunnerWorker.runSuite(SuiteRunnerWorker.java:52)
at org.testng.SuiteRunnerWorker.run(SuiteRunnerWorker.java:95)
at org.testng.TestNG.runSuitesSequentially(TestNG.java:1301)
at org.testng.TestNG.runSuitesLocally(TestNG.java:1228)
at org.testng.TestNG.runSuites(TestNG.java:1134)
at org.testng.TestNG.run(TestNG.java:1101)
at org.testng.remote.AbstractRemoteTestNG.run(AbstractRemoteTestNG.java:115)
at org.testng.remote.RemoteTestNG.initAndRun(RemoteTestNG.java:251)
at org.testng.remote.RemoteTestNG.main(RemoteTestNG.java:77)
]]>
            </full-stacktrace>
          </exception> <!-- org.testng.TestException -->
          <reporter-output>
          </reporter-output>
        </test-method> <!-- testPage -->
        <test-method is-config="true" signature="closeDriver()[pri:0, instance:com.demoblaze.testautomation.TestSignUpPage@76b1e9b8]" started-at="2024-09-23T17:13:02 IST" name="closeDriver" finished-at="2024-09-23T17:13:05 IST" duration-ms="3135" status="PASS">
          <reporter-output>
          </reporter-output>
        </test-method> <!-- closeDriver -->
      </class> <!-- com.demoblaze.testautomation.TestSignUpPage -->
    </test> <!-- ChromeTest -->
  </suite> <!-- softwaretesting -->
</testng-results>
