<?xml version="1.0" encoding="UTF-8"?>
<testng-results ignored="0" total="3" passed="3" failed="0" skipped="0">
  <reporter-output>
  </reporter-output>
  <suite started-at="2024-09-22T17:36:31 IST" name="softwaretesting" finished-at="2024-09-22T17:37:14 IST" duration-ms="42890">
    <groups>
    </groups>
    <test started-at="2024-09-22T17:36:31 IST" name="ChromeTest" finished-at="2024-09-22T17:37:14 IST" duration-ms="42890">
      <class name="com.demoblaze.testautomation.TestAddtoCart">
        <test-method signature="testPage(java.lang.String,java.lang.String)[pri:2, instance:com.demoblaze.testautomation.TestAddtoCart@5d0bf09b]" started-at="2024-09-22T17:36:35 IST" name="testPage" finished-at="2024-09-22T17:36:52 IST" duration-ms="16680" status="PASS">
          <params>
            <param index="0">
              <value>
                <![CDATA[johnpax032]]>
              </value>
            </param>
            <param index="1">
              <value>
                <![CDATA[johnpax@123456]]>
              </value>
            </param>
          </params>
          <reporter-output>
          </reporter-output>
        </test-method> <!-- testPage -->
      </class> <!-- com.demoblaze.testautomation.TestAddtoCart -->
      <class name="com.demoblaze.testautomation.TestPlaceOrder">
        <test-method signature="testPage(java.lang.String,java.lang.String,java.lang.String,java.lang.String,java.lang.String,java.lang.String)[pri:3, instance:com.demoblaze.testautomation.TestPlaceOrder@793f29ff]" started-at="2024-09-22T17:36:52 IST" name="testPage" finished-at="2024-09-22T17:37:14 IST" duration-ms="21939" status="PASS">
          <params>
            <param index="0">
              <value>
                <![CDATA[John Pax]]>
              </value>
            </param>
            <param index="1">
              <value>
                <![CDATA[India]]>
              </value>
            </param>
            <param index="2">
              <value>
                <![CDATA[Delhi]]>
              </value>
            </param>
            <param index="3">
              <value>
                <![CDATA[JKW231O0]]>
              </value>
            </param>
            <param index="4">
              <value>
                <![CDATA[05]]>
              </value>
            </param>
            <param index="5">
              <value>
                <![CDATA[25]]>
              </value>
            </param>
          </params>
          <reporter-output>
          </reporter-output>
        </test-method> <!-- testPage -->
      </class> <!-- com.demoblaze.testautomation.TestPlaceOrder -->
      <class name="com.demoblaze.testautomation.TestLoginPage">
        <test-method is-config="true" signature="setupDriver(java.lang.String,java.lang.String)[pri:0, instance:com.demoblaze.testautomation.TestLoginPage@69e153c5]" started-at="2024-09-22T17:36:29 IST" name="setupDriver" finished-at="2024-09-22T17:36:31 IST" duration-ms="2606" status="PASS">
          <params>
            <param index="0">
              <value>
                <![CDATA[chrome]]>
              </value>
            </param>
            <param index="1">
              <value>
                <![CDATA[https://www.demoblaze.com/]]>
              </value>
            </param>
          </params>
          <reporter-output>
          </reporter-output>
        </test-method> <!-- setupDriver -->
        <test-method signature="testPage(java.lang.String,java.lang.String)[pri:1, instance:com.demoblaze.testautomation.TestLoginPage@69e153c5]" started-at="2024-09-22T17:36:31 IST" name="testPage" finished-at="2024-09-22T17:36:35 IST" duration-ms="4243" status="PASS">
          <params>
            <param index="0">
              <value>
                <![CDATA[johnpax032]]>
              </value>
            </param>
            <param index="1">
              <value>
                <![CDATA[johnpax@123456]]>
              </value>
            </param>
          </params>
          <reporter-output>
          </reporter-output>
        </test-method> <!-- testPage -->
        <test-method is-config="true" signature="closeDriver()[pri:0, instance:com.demoblaze.testautomation.TestLoginPage@69e153c5]" started-at="2024-09-22T17:37:14 IST" name="closeDriver" finished-at="2024-09-22T17:37:17 IST" duration-ms="3129" status="PASS">
          <reporter-output>
          </reporter-output>
        </test-method> <!-- closeDriver -->
      </class> <!-- com.demoblaze.testautomation.TestLoginPage -->
    </test> <!-- ChromeTest -->
  </suite> <!-- softwaretesting -->
</testng-results>
