<?xml version="1.0" encoding="UTF-8"?>
<!-- Generated by org.testng.reporters.JUnitXMLReporter -->
<testsuite ignored="6" hostname="lappy" failures="0" tests="4" name="ChromeTest" time="54.908" errors="0" timestamp="2024-09-23T18:50:59 IST">
  <testcase classname="com.demoblaze.testautomation.TestSignUpPage" name="testPage" time="10.646"/>
  <testcase classname="com.demoblaze.testautomation.TestLoginPage" name="testPage" time="4.387"/>
  <testcase classname="com.demoblaze.testautomation.TestAddtoCart" name="testPage" time="17.2"/>
  <testcase classname="com.demoblaze.testautomation.TestPlaceOrder" name="testPage" time="22.623"/>
  <testcase classname="com.demoblaze.testautomation.Setup" name="@BeforeSuite setupDriver" time="0.0">
    <ignored/>
  </testcase> <!-- @BeforeSuite setupDriver -->
  <testcase classname="com.demoblaze.testautomation.Setup" name="@AfterSuite closeDriver" time="0.0">
    <ignored/>
  </testcase> <!-- @AfterSuite closeDriver -->
  <testcase classname="com.demoblaze.testautomation.Setup" name="@BeforeSuite setupDriver" time="0.0">
    <ignored/>
  </testcase> <!-- @BeforeSuite setupDriver -->
  <testcase classname="com.demoblaze.testautomation.Setup" name="@AfterSuite closeDriver" time="0.0">
    <ignored/>
  </testcase> <!-- @AfterSuite closeDriver -->
  <testcase classname="com.demoblaze.testautomation.Setup" name="@BeforeSuite setupDriver" time="0.0">
    <ignored/>
  </testcase> <!-- @BeforeSuite setupDriver -->
  <testcase classname="com.demoblaze.testautomation.Setup" name="@AfterSuite closeDriver" time="0.0">
    <ignored/>
  </testcase> <!-- @AfterSuite closeDriver -->
</testsuite> <!-- ChromeTest -->
